#
# A fatal error has been detected by the Java Runtime Environment:
#
#  EXCEPTION_ACCESS_VIOLATION (0xc0000005) at pc=0x000000007639b5d8, pid=31920, tid=0x00000000000077cc
#
# JRE version: Java(TM) SE Runtime Environment (8.0_251-b08) (build 1.8.0_251-b08)
# Java VM: Java HotSpot(TM) 64-Bit Server VM (25.251-b08 mixed mode windows-amd64 compressed oops)
# Problematic frame:
# V  [jvm.dll+0x13b5d8]
#
# Failed to write core dump. Minidumps are not enabled by default on client versions of Windows
#
# If you would like to submit a bug report, please visit:
#   http://bugreport.java.com/bugreport/crash.jsp
#

---------------  T H R E A D  ---------------

Current thread (0x0000000002f4a800):  GCTaskThread [stack: 0x0000000013340000,0x0000000013440000] [id=30668]

siginfo: ExceptionCode=0xc0000005, reading address 0xffffffffffffffff

Registers:
RAX=0x0000000013740000, RBX=0x0000000000000733, RCX=0x0000000000000000, RDX=0x0000000000000000
RSP=0x000000001343f440, RBP=0x0000000003020880, RSI=0x00000006c172b684, RDI=0x0000000200000000
R8 =0x007ffffffd9f7000, R9 =0x0000000000000000, R10=0x000000000000000c, R11=0x0000000000000000
R12=0x00000006c172b688, R13=0x000000000000000a, R14=0x00000006c172b650, R15=0x000000000000000a
RIP=0x000000007639b5d8, EFLAGS=0x0000000000010246

Top of Stack: (sp=0x000000001343f440)
0x000000001343f440:   00000006c172b64c 00000000763754a6
0x000000001343f450:   00000006c172b650 00000006c172b648
0x000000001343f460:   0000000003020880 000000007639b6f3
0x000000001343f470:   0000000000000000 0000000002f4b1e0
0x000000001343f480:   0000000002f405e0 000000001343f5b9
0x000000001343f490:   0000000000000733 000000007665ff80
0x000000001343f4a0:   0000000003020880 0000000003020880
0x000000001343f4b0:   00000000768c18c8 00000000768c18c8
0x000000001343f4c0:   000000001d2470a0 000000001343f570
0x000000001343f4d0:   0000000003020f60 000000000000000f
0x000000001343f4e0:   0000000003020880 0000000076373fa2
0x000000001343f4f0:   00000006c1828a00 0000000000000000
0x000000001343f500:   0000000000000000 0000000002f405e0
0x000000001343f510:   0000000002f4b1f0 0000000002f4b1e0
0x000000001343f520:   00000000768c18c8 0000000003020880
0x000000001343f530:   0000000000000000 000000001343f5b9 

Instructions: (pc=0x000000007639b5d8)
0x000000007639b5b8:   05 d3 f9 6e 00 49 c1 e8 03 49 d3 e8 41 0f b6 c0
0x000000007639b5c8:   49 c1 e8 06 24 3f 0f b6 d0 48 8b 05 e8 f9 6e 00
0x000000007639b5d8:   4a 8b 0c c0 48 0f a3 d1 72 3e 48 8b cf e8 c6 1c
0x000000007639b5e8:   fd ff 84 c0 74 32 48 8b d7 48 8b cd e8 87 dd fc 


Register to memory mapping:

RAX=0x0000000013740000 is an unknown value
RBX=0x0000000000000733 is an unknown value
RCX=0x0000000000000000 is an unknown value
RDX=0x0000000000000000 is an unknown value
RSP=0x000000001343f440 is an unknown value
RBP=0x0000000003020880 is an unknown value
RSI=0x00000006c172b684 is pointing into object: 0x00000006c172b650
[Ljava.lang.Object; 
 - klass: 'java/lang/Object'[]
 - length: 10
RDI=0x0000000200000000 is an unknown value
R8 =0x007ffffffd9f7000 is an unknown value
R9 =0x0000000000000000 is an unknown value
R10=0x000000000000000c is an unknown value
R11=0x0000000000000000 is an unknown value
R12=0x00000006c172b688 is an oop
java.lang.reflect.Constructor 
 - klass: 'java/lang/reflect/Constructor'
R13=0x000000000000000a is an unknown value
R14=0x00000006c172b650 is an oop
[Ljava.lang.Object; 
 - klass: 'java/lang/Object'[]
 - length: 10
R15=0x000000000000000a is an unknown value


Stack: [0x0000000013340000,0x0000000013440000],  sp=0x000000001343f440,  free space=1021k
Native frames: (J=compiled Java code, j=interpreted, Vv=VM code, C=native code)
V  [jvm.dll+0x13b5d8]
V  [jvm.dll+0x3fff80]
V  [jvm.dll+0x3fd1d0]
V  [jvm.dll+0x3fad6e]
V  [jvm.dll+0x2a001a]
C  [msvcr100.dll+0x21d9f]
C  [msvcr100.dll+0x21e3b]
C  [KERNEL32.DLL+0x17034]
C  [ntdll.dll+0x52651]


---------------  P R O C E S S  ---------------

Java Threads: ( => current thread )
  0x000000001e878800 JavaThread "Service Thread" daemon [_thread_blocked, id=37196, stack(0x000000001ec10000,0x000000001ed10000)]
  0x000000001c8a6800 JavaThread "C1 CompilerThread2" daemon [_thread_blocked, id=24816, stack(0x000000001e710000,0x000000001e810000)]
  0x000000001c89b800 JavaThread "C2 CompilerThread1" daemon [_thread_blocked, id=41232, stack(0x000000001e610000,0x000000001e710000)]
  0x000000001c895800 JavaThread "C2 CompilerThread0" daemon [_thread_in_native, id=39392, stack(0x000000001e510000,0x000000001e610000)]
  0x000000001c891800 JavaThread "Attach Listener" daemon [_thread_blocked, id=27824, stack(0x000000001e410000,0x000000001e510000)]
  0x000000001c88f000 JavaThread "Signal Dispatcher" daemon [_thread_blocked, id=30280, stack(0x000000001e310000,0x000000001e410000)]
  0x000000001c87c800 JavaThread "Finalizer" daemon [_thread_blocked, id=36024, stack(0x000000001e110000,0x000000001e210000)]
  0x0000000003025800 JavaThread "Reference Handler" daemon [_thread_blocked, id=38600, stack(0x000000001e010000,0x000000001e110000)]
  0x0000000002f32800 JavaThread "main" [_thread_blocked, id=42760, stack(0x0000000002d60000,0x0000000002e60000)]

Other Threads:
  0x000000001c858800 VMThread [stack: 0x000000001df10000,0x000000001e010000] [id=23052]
  0x000000001e89a000 WatcherThread [stack: 0x000000001ed10000,0x000000001ee10000] [id=40824]

=>0x0000000002f4a800 (exited) GCTaskThread [stack: 0x0000000013340000,0x0000000013440000] [id=30668]

VM state:at safepoint (normal execution)

VM Mutex/Monitor currently owned by a thread:  ([mutex/lock_event])
[0x000000000158da30] Threads_lock - owner thread: 0x000000001c858800
[0x0000000002f31c50] Heap_lock - owner thread: 0x0000000002f32800

heap address: 0x00000006c1200000, size: 4078 MB, Compressed Oops mode: Zero based, Oop shift amount: 3
Narrow klass base: 0x0000000000000000, Narrow klass shift: 3
Compressed class space size: 1073741824 Address: 0x00000007c0000000

Heap:
 PSYoungGen      total 275968K, used 0K [0x000000076b100000, 0x000000077d000000, 0x00000007c0000000)
  eden space 261120K, 0% used [0x000000076b100000,0x000000076b100000,0x000000077b000000)
  from space 14848K, 0% used [0x000000077bf80000,0x000000077bf80000,0x000000077ce00000)
  to   space 15872K, 0% used [0x000000077b000000,0x000000077b000000,0x000000077bf80000)
 ParOldGen       total 175104K, used 13654K [0x00000006c1200000, 0x00000006cbd00000, 0x000000076b100000)
  object space 175104K, 7% used [0x00000006c1200000,0x00000006c1f55ac0,0x00000006cbd00000)
 Metaspace       used 19869K, capacity 20428K, committed 20736K, reserved 1067008K
  class space    used 2271K, capacity 2465K, committed 2560K, reserved 1048576K

Card table byte_map: [0x00000000123f0000,0x0000000012bf0000] byte_map_base: 0x000000000ede7000

Marking Bits: (ParMarkBitMap*) 0x0000000076a8af90
 Begin Bits: [0x0000000013740000, 0x00000000176f8000)
 End Bits:   [0x00000000176f8000, 0x000000001b6b0000)

Polling page: 0x0000000001550000

CodeCache: size=245760Kb used=13622Kb max_used=14757Kb free=232137Kb
 bounds [0x0000000003030000, 0x0000000003f00000, 0x0000000012030000]
 total_blobs=4081 nmethods=3689 adapters=302
 compilation: enabled

Compilation events (10 events):
Event: 8.312 Thread 0x000000001c8a6800 4238       1       java.util.Vector::elementData (7 bytes)
Event: 8.312 Thread 0x000000001c8a6800 nmethod 4238 0x00000000033426d0 code [0x0000000003342820, 0x0000000003342950]
Event: 8.312 Thread 0x000000001c8a6800 4234       3       java.util.Vector$Itr::hasNext (20 bytes)
Event: 8.312 Thread 0x000000001c8a6800 nmethod 4234 0x000000000387f4d0 code [0x000000000387f620, 0x000000000387f7f0]
Event: 8.312 Thread 0x000000001c8a6800 4235   !   3       java.util.Vector$Itr::next (63 bytes)
Event: 8.312 Thread 0x000000001c8a6800 nmethod 4235 0x00000000032a4a50 code [0x00000000032a4c00, 0x00000000032a5318]
Event: 8.312 Thread 0x000000001c8a6800 4236       3       java.util.Vector$Itr::checkForComodification (23 bytes)
Event: 8.312 Thread 0x000000001c8a6800 nmethod 4236 0x0000000003752050 code [0x00000000037521c0, 0x0000000003752428]
Event: 8.312 Thread 0x000000001c8a6800 4237       3       java.util.zip.ZipOutputStream::writeCEN (514 bytes)
Event: 8.313 Thread 0x000000001c8a6800 nmethod 4237 0x00000000032c7990 code [0x00000000032c7d80, 0x00000000032c95d8]

GC Heap History (10 events):
Event: 7.183 GC heap after
Heap after GC invocations=7 (full 0):
 PSYoungGen      total 143872K, used 7398K [0x000000076b100000, 0x000000077cb00000, 0x00000007c0000000)
  eden space 131072K, 0% used [0x000000076b100000,0x000000076b100000,0x0000000773100000)
  from space 12800K, 57% used [0x0000000773100000,0x0000000773839958,0x0000000773d80000)
  to   space 13312K, 0% used [0x000000077be00000,0x000000077be00000,0x000000077cb00000)
 ParOldGen       total 175104K, used 8792K [0x00000006c1200000, 0x00000006cbd00000, 0x000000076b100000)
  object space 175104K, 5% used [0x00000006c1200000,0x00000006c1a96308,0x00000006cbd00000)
 Metaspace       used 19839K, capacity 20428K, committed 20736K, reserved 1067008K
  class space    used 2270K, capacity 2465K, committed 2560K, reserved 1048576K
}
Event: 7.869 GC heap before
{Heap before GC invocations=8 (full 0):
 PSYoungGen      total 143872K, used 138470K [0x000000076b100000, 0x000000077cb00000, 0x00000007c0000000)
  eden space 131072K, 100% used [0x000000076b100000,0x0000000773100000,0x0000000773100000)
  from space 12800K, 57% used [0x0000000773100000,0x0000000773839958,0x0000000773d80000)
  to   space 13312K, 0% used [0x000000077be00000,0x000000077be00000,0x000000077cb00000)
 ParOldGen       total 175104K, used 8792K [0x00000006c1200000, 0x00000006cbd00000, 0x000000076b100000)
  object space 175104K, 5% used [0x00000006c1200000,0x00000006c1a96308,0x00000006cbd00000)
 Metaspace       used 19842K, capacity 20428K, committed 20736K, reserved 1067008K
  class space    used 2270K, capacity 2465K, committed 2560K, reserved 1048576K
Event: 7.894 GC heap after
Heap after GC invocations=8 (full 0):
 PSYoungGen      total 274432K, used 4176K [0x000000076b100000, 0x000000077cd00000, 0x00000007c0000000)
  eden space 261120K, 0% used [0x000000076b100000,0x000000076b100000,0x000000077b000000)
  from space 13312K, 31% used [0x000000077be00000,0x000000077c214288,0x000000077cb00000)
  to   space 14336K, 0% used [0x000000077b000000,0x000000077b000000,0x000000077be00000)
 ParOldGen       total 175104K, used 12508K [0x00000006c1200000, 0x00000006cbd00000, 0x000000076b100000)
  object space 175104K, 7% used [0x00000006c1200000,0x00000006c1e37338,0x00000006cbd00000)
 Metaspace       used 19842K, capacity 20428K, committed 20736K, reserved 1067008K
  class space    used 2270K, capacity 2465K, committed 2560K, reserved 1048576K
}
Event: 8.316 GC heap before
{Heap before GC invocations=9 (full 0):
 PSYoungGen      total 274432K, used 186528K [0x000000076b100000, 0x000000077cd00000, 0x00000007c0000000)
  eden space 261120K, 69% used [0x000000076b100000,0x0000000776314138,0x000000077b000000)
  from space 13312K, 31% used [0x000000077be00000,0x000000077c214288,0x000000077cb00000)
  to   space 14336K, 0% used [0x000000077b000000,0x000000077b000000,0x000000077be00000)
 ParOldGen       total 175104K, used 12508K [0x00000006c1200000, 0x00000006cbd00000, 0x000000076b100000)
  object space 175104K, 7% used [0x00000006c1200000,0x00000006c1e37338,0x00000006cbd00000)
 Metaspace       used 19869K, capacity 20428K, committed 20736K, reserved 1067008K
  class space    used 2271K, capacity 2465K, committed 2560K, reserved 1048576K
Event: 8.322 GC heap after
Heap after GC invocations=9 (full 0):
 PSYoungGen      total 275456K, used 5254K [0x000000076b100000, 0x000000077ce00000, 0x00000007c0000000)
  eden space 261120K, 0% used [0x000000076b100000,0x000000076b100000,0x000000077b000000)
  from space 14336K, 36% used [0x000000077b000000,0x000000077b521b98,0x000000077be00000)
  to   space 14848K, 0% used [0x000000077bf80000,0x000000077bf80000,0x000000077ce00000)
 ParOldGen       total 175104K, used 12724K [0x00000006c1200000, 0x00000006cbd00000, 0x000000076b100000)
  object space 175104K, 7% used [0x00000006c1200000,0x00000006c1e6d338,0x00000006cbd00000)
 Metaspace       used 19869K, capacity 20428K, committed 20736K, reserved 1067008K
  class space    used 2271K, capacity 2465K, committed 2560K, reserved 1048576K
}
Event: 8.322 GC heap before
{Heap before GC invocations=10 (full 1):
 PSYoungGen      total 275456K, used 5254K [0x000000076b100000, 0x000000077ce00000, 0x00000007c0000000)
  eden space 261120K, 0% used [0x000000076b100000,0x000000076b100000,0x000000077b000000)
  from space 14336K, 36% used [0x000000077b000000,0x000000077b521b98,0x000000077be00000)
  to   space 14848K, 0% used [0x000000077bf80000,0x000000077bf80000,0x000000077ce00000)
 ParOldGen       total 175104K, used 12724K [0x00000006c1200000, 0x00000006cbd00000, 0x000000076b100000)
  object space 175104K, 7% used [0x00000006c1200000,0x00000006c1e6d338,0x00000006cbd00000)
 Metaspace       used 19869K, capacity 20428K, committed 20736K, reserved 1067008K
  class space    used 2271K, capacity 2465K, committed 2560K, reserved 1048576K
Event: 8.367 GC heap after
Heap after GC invocations=10 (full 1):
 PSYoungGen      total 275456K, used 0K [0x000000076b100000, 0x000000077ce00000, 0x00000007c0000000)
  eden space 261120K, 0% used [0x000000076b100000,0x000000076b100000,0x000000077b000000)
  from space 14336K, 0% used [0x000000077b000000,0x000000077b000000,0x000000077be00000)
  to   space 14848K, 0% used [0x000000077bf80000,0x000000077bf80000,0x000000077ce00000)
 ParOldGen       total 175104K, used 13654K [0x00000006c1200000, 0x00000006cbd00000, 0x000000076b100000)
  object space 175104K, 7% used [0x00000006c1200000,0x00000006c1f55ac0,0x00000006cbd00000)
 Metaspace       used 19869K, capacity 20428K, committed 20736K, reserved 1067008K
  class space    used 2271K, capacity 2465K, committed 2560K, reserved 1048576K
}
Event: 8.369 GC heap before
{Heap before GC invocations=11 (full 1):
 PSYoungGen      total 275456K, used 0K [0x000000076b100000, 0x000000077ce00000, 0x00000007c0000000)
  eden space 261120K, 0% used [0x000000076b100000,0x000000076b100000,0x000000077b000000)
  from space 14336K, 0% used [0x000000077b000000,0x000000077b000000,0x000000077be00000)
  to   space 14848K, 0% used [0x000000077bf80000,0x000000077bf80000,0x000000077ce00000)
 ParOldGen       total 175104K, used 13654K [0x00000006c1200000, 0x00000006cbd00000, 0x000000076b100000)
  object space 175104K, 7% used [0x00000006c1200000,0x00000006c1f55ac0,0x00000006cbd00000)
 Metaspace       used 19869K, capacity 20428K, committed 20736K, reserved 1067008K
  class space    used 2271K, capacity 2465K, committed 2560K, reserved 1048576K
Event: 8.373 GC heap after
Heap after GC invocations=11 (full 1):
 PSYoungGen      total 275968K, used 0K [0x000000076b100000, 0x000000077d000000, 0x00000007c0000000)
  eden space 261120K, 0% used [0x000000076b100000,0x000000076b100000,0x000000077b000000)
  from space 14848K, 0% used [0x000000077bf80000,0x000000077bf80000,0x000000077ce00000)
  to   space 15872K, 0% used [0x000000077b000000,0x000000077b000000,0x000000077bf80000)
 ParOldGen       total 175104K, used 13654K [0x00000006c1200000, 0x00000006cbd00000, 0x000000076b100000)
  object space 175104K, 7% used [0x00000006c1200000,0x00000006c1f55ac0,0x00000006cbd00000)
 Metaspace       used 19869K, capacity 20428K, committed 20736K, reserved 1067008K
  class space    used 2271K, capacity 2465K, committed 2560K, reserved 1048576K
}
Event: 8.373 GC heap before
{Heap before GC invocations=12 (full 2):
 PSYoungGen      total 275968K, used 0K [0x000000076b100000, 0x000000077d000000, 0x00000007c0000000)
  eden space 261120K, 0% used [0x000000076b100000,0x000000076b100000,0x000000077b000000)
  from space 14848K, 0% used [0x000000077bf80000,0x000000077bf80000,0x000000077ce00000)
  to   space 15872K, 0% used [0x000000077b000000,0x000000077b000000,0x000000077bf80000)
 ParOldGen       total 175104K, used 13654K [0x00000006c1200000, 0x00000006cbd00000, 0x000000076b100000)
  object space 175104K, 7% used [0x00000006c1200000,0x00000006c1f55ac0,0x00000006cbd00000)
 Metaspace       used 19869K, capacity 20428K, committed 20736K, reserved 1067008K
  class space    used 2271K, capacity 2465K, committed 2560K, reserved 1048576K

Deoptimization events (10 events):
Event: 6.210 Thread 0x0000000002f32800 Uncommon trap: reason=unstable_if action=reinterpret pc=0x0000000003d538e0 method=org.objectweb.asm.ClassReader.readUtf(II[C)Ljava/lang/String; @ 41
Event: 6.210 Thread 0x0000000002f32800 Uncommon trap: reason=unstable_if action=reinterpret pc=0x0000000003dd91e4 method=org.objectweb.asm.ByteVector.putUTF8(Ljava/lang/String;)Lorg/objectweb/asm/ByteVector; @ 100
Event: 6.210 Thread 0x0000000002f32800 Uncommon trap: reason=unstable_if action=reinterpret pc=0x0000000003d4cc9c method=org.objectweb.asm.ClassReader.readUtf(II[C)Ljava/lang/String; @ 41
Event: 6.210 Thread 0x0000000002f32800 Uncommon trap: reason=unstable_if action=reinterpret pc=0x0000000003d48e00 method=org.objectweb.asm.ByteVector.putUTF8(Ljava/lang/String;)Lorg/objectweb/asm/ByteVector; @ 100
Event: 6.609 Thread 0x0000000002f32800 Uncommon trap: reason=unstable_if action=reinterpret pc=0x0000000003e6e154 method=org.objectweb.asm.Type.getDimensions()I @ 17
Event: 7.843 Thread 0x0000000002f32800 Uncommon trap: reason=unstable_if action=reinterpret pc=0x00000000031a0a70 method=org.objectweb.asm.signature.SignatureReader.parseType(Ljava/lang/String;ILorg/objectweb/asm/signature/SignatureVisitor;)I @ 198
Event: 8.023 Thread 0x0000000002f32800 Uncommon trap: reason=unstable_if action=reinterpret pc=0x0000000003d52724 method=org.objectweb.asm.ClassReader.readUtf(II[C)Ljava/lang/String; @ 41
Event: 8.053 Thread 0x0000000002f32800 Uncommon trap: reason=unstable_if action=reinterpret pc=0x00000000033ebe3c method=org.objectweb.asm.ClassReader.readMethod(Lorg/objectweb/asm/ClassVisitor;Lorg/objectweb/asm/Context;I)I @ 281
Event: 8.053 Thread 0x0000000002f32800 Uncommon trap: reason=unstable_if action=reinterpret pc=0x0000000003489ac4 method=org.objectweb.asm.MethodWriter.computeMethodInfoSize()I @ 623
Event: 8.053 Thread 0x0000000002f32800 Uncommon trap: reason=unstable_if action=reinterpret pc=0x000000000338e83c method=org.objectweb.asm.MethodWriter.putMethodInfo(Lorg/objectweb/asm/ByteVector;)V @ 220

Classes redefined (0 events):
No events

Internal exceptions (10 events):
Event: 2.396 Thread 0x0000000002f32800 Implicit null exception at 0x00000000033e3a5b to 0x00000000033e3efd
Event: 5.406 Thread 0x0000000002f32800 Implicit null exception at 0x0000000003afbb48 to 0x0000000003afd011
Event: 5.838 Thread 0x0000000002f32800 Exception <a 'java/lang/NoClassDefFoundError': org/sonatype/aether/resolution/ArtifactResolutionException> (0x000000076c9078d0) thrown at [C:\jenkins\workspace\8-2-build-windows-amd64-cygwin\jdk8u251\737\hotspot\src\share\vm\classfile\systemDictionary.cpp
Event: 5.843 Thread 0x0000000002f32800 Exception <a 'java/lang/NoClassDefFoundError': org/sonatype/aether/RepositoryCache> (0x000000076c9506d8) thrown at [C:\jenkins\workspace\8-2-build-windows-amd64-cygwin\jdk8u251\737\hotspot\src\share\vm\classfile\systemDictionary.cpp, line 199]
Event: 5.863 Thread 0x0000000002f32800 Exception <a 'java/lang/NoClassDefFoundError': org/sonatype/aether/deployment/DeploymentException> (0x000000076c9fbd20) thrown at [C:\jenkins\workspace\8-2-build-windows-amd64-cygwin\jdk8u251\737\hotspot\src\share\vm\classfile\systemDictionary.cpp, line 1
Event: 5.865 Thread 0x0000000002f32800 Exception <a 'java/lang/NoClassDefFoundError': org/sonatype/aether/installation/InstallationException> (0x000000076ca0b518) thrown at [C:\jenkins\workspace\8-2-build-windows-amd64-cygwin\jdk8u251\737\hotspot\src\share\vm\classfile\systemDictionary.cpp, li
Event: 5.868 Thread 0x0000000002f32800 Exception <a 'java/lang/NoClassDefFoundError': org/sonatype/aether/collection/DependencyCollectionException> (0x000000076ca1e6c0) thrown at [C:\jenkins\workspace\8-2-build-windows-amd64-cygwin\jdk8u251\737\hotspot\src\share\vm\classfile\systemDictionary.c
Event: 5.869 Thread 0x0000000002f32800 Exception <a 'java/lang/NoClassDefFoundError': org/sonatype/aether/RepositoryCache> (0x000000076ca42080) thrown at [C:\jenkins\workspace\8-2-build-windows-amd64-cygwin\jdk8u251\737\hotspot\src\share\vm\classfile\systemDictionary.cpp, line 199]
Event: 5.874 Thread 0x0000000002f32800 Exception <a 'java/lang/NoClassDefFoundError': org/sonatype/aether/version/VersionConstraint> (0x000000076ca8b680) thrown at [C:\jenkins\workspace\8-2-build-windows-amd64-cygwin\jdk8u251\737\hotspot\src\share\vm\classfile\systemDictionary.cpp, line 199]
Event: 5.875 Thread 0x0000000002f32800 Exception <a 'java/lang/NoClassDefFoundError': org/sonatype/aether/resolution/ArtifactDescriptorException> (0x000000076ca9b0f0) thrown at [C:\jenkins\workspace\8-2-build-windows-amd64-cygwin\jdk8u251\737\hotspot\src\share\vm\classfile\systemDictionary.cpp

Events (10 events):
Event: 8.309 loading class com/google/common/collect/AbstractMapBasedMultimap$KeySet$1 done
Event: 8.309 Executing VM operation: RevokeBias
Event: 8.309 Executing VM operation: RevokeBias done
Event: 8.309 loading class com/google/common/collect/AbstractMapBasedMultimap$WrappedSet
Event: 8.309 loading class com/google/common/collect/AbstractMapBasedMultimap$WrappedSet done
Event: 8.309 loading class com/google/common/collect/AbstractMapBasedMultimap$WrappedSet
Event: 8.309 loading class com/google/common/collect/AbstractMapBasedMultimap$WrappedSet done
Event: 8.316 Executing VM operation: ParallelGCSystemGC
Event: 8.367 Executing VM operation: ParallelGCSystemGC done
Event: 8.368 Executing VM operation: ParallelGCSystemGC


Dynamic libraries:
0x00007ff65cfc0000 - 0x00007ff65cff7000 	C:\Program Files\Java\jre1.8.0_251\bin\javaw.exe
0x00007ffdbc5d0000 - 0x00007ffdbc7c5000 	C:\WINDOWS\SYSTEM32\ntdll.dll
0x00007ffdbabc0000 - 0x00007ffdbac7d000 	C:\WINDOWS\System32\KERNEL32.DLL
0x00007ffdba190000 - 0x00007ffdba459000 	C:\WINDOWS\System32\KERNELBASE.dll
0x00007ffdbbda0000 - 0x00007ffdbbe4c000 	C:\WINDOWS\System32\ADVAPI32.dll
0x00007ffdbbbe0000 - 0x00007ffdbbc7e000 	C:\WINDOWS\System32\msvcrt.dll
0x00007ffdbb970000 - 0x00007ffdbba0b000 	C:\WINDOWS\System32\sechost.dll
0x00007ffdbba10000 - 0x00007ffdbbb3a000 	C:\WINDOWS\System32\RPCRT4.dll
0x00007ffdbbe80000 - 0x00007ffdbc020000 	C:\WINDOWS\System32\USER32.dll
0x00007ffdb9d10000 - 0x00007ffdb9d32000 	C:\WINDOWS\System32\win32u.dll
0x00007ffdbb490000 - 0x00007ffdbb4ba000 	C:\WINDOWS\System32\GDI32.dll
0x00007ffdb9e70000 - 0x00007ffdb9f7b000 	C:\WINDOWS\System32\gdi32full.dll
0x00007ffdb9d40000 - 0x00007ffdb9ddd000 	C:\WINDOWS\System32\msvcp_win.dll
0x00007ffdba090000 - 0x00007ffdba190000 	C:\WINDOWS\System32\ucrtbase.dll
0x00007ffda50e0000 - 0x00007ffda537a000 	C:\WINDOWS\WinSxS\amd64_microsoft.windows.common-controls_6595b64144ccf1df_6.0.19041.1110_none_60b5254171f9507e\COMCTL32.dll
0x00007ffdbbb50000 - 0x00007ffdbbb80000 	C:\WINDOWS\System32\IMM32.DLL
0x00000000754e0000 - 0x00000000755b2000 	C:\Program Files\Java\jre1.8.0_251\bin\msvcr100.dll
0x0000000076260000 - 0x0000000076b0b000 	C:\Program Files\Java\jre1.8.0_251\bin\server\jvm.dll
0x00007ffdbbe70000 - 0x00007ffdbbe78000 	C:\WINDOWS\System32\PSAPI.DLL
0x00007ffdb2370000 - 0x00007ffdb237a000 	C:\WINDOWS\SYSTEM32\VERSION.dll
0x00007ffdb22b0000 - 0x00007ffdb22d7000 	C:\WINDOWS\SYSTEM32\WINMM.dll
0x00007ffda3320000 - 0x00007ffda3329000 	C:\WINDOWS\SYSTEM32\WSOCK32.dll
0x00007ffdbb420000 - 0x00007ffdbb48b000 	C:\WINDOWS\System32\WS2_32.dll
0x00007ffdb61b0000 - 0x00007ffdb61bf000 	C:\Program Files\Java\jre1.8.0_251\bin\verify.dll
0x00007ffd937b0000 - 0x00007ffd937d9000 	C:\Program Files\Java\jre1.8.0_251\bin\java.dll
0x00007ffda6f20000 - 0x00007ffda6f36000 	C:\Program Files\Java\jre1.8.0_251\bin\zip.dll
0x00007ffdbac80000 - 0x00007ffdbb3bf000 	C:\WINDOWS\System32\SHELL32.dll
0x00007ffdb7e60000 - 0x00007ffdb85f1000 	C:\WINDOWS\SYSTEM32\windows.storage.dll
0x00007ffdbb540000 - 0x00007ffdbb895000 	C:\WINDOWS\System32\combase.dll
0x00007ffdb9780000 - 0x00007ffdb97ac000 	C:\WINDOWS\SYSTEM32\Wldp.dll
0x00007ffdba640000 - 0x00007ffdba6ee000 	C:\WINDOWS\System32\SHCORE.dll
0x00007ffdbab60000 - 0x00007ffdbabb5000 	C:\WINDOWS\System32\shlwapi.dll
0x00007ffdb9c50000 - 0x00007ffdb9c6f000 	C:\WINDOWS\SYSTEM32\profapi.dll
0x00007ffdb9650000 - 0x00007ffdb9668000 	C:\WINDOWS\SYSTEM32\CRYPTSP.dll
0x00007ffdb8db0000 - 0x00007ffdb8de4000 	C:\WINDOWS\system32\rsaenh.dll
0x00007ffdba610000 - 0x00007ffdba637000 	C:\WINDOWS\System32\bcrypt.dll
0x00007ffdb9bd0000 - 0x00007ffdb9bfe000 	C:\WINDOWS\SYSTEM32\USERENV.dll
0x00007ffdb9de0000 - 0x00007ffdb9e63000 	C:\WINDOWS\System32\bcryptprimitives.dll
0x00007ffdb9670000 - 0x00007ffdb967c000 	C:\WINDOWS\SYSTEM32\CRYPTBASE.dll
0x00007ffd8b690000 - 0x00007ffd8b6aa000 	C:\Program Files\Java\jre1.8.0_251\bin\net.dll
0x00007ffdb9470000 - 0x00007ffdb94da000 	C:\WINDOWS\system32\mswsock.dll
0x00007ffdb9100000 - 0x00007ffdb913b000 	C:\WINDOWS\SYSTEM32\IPHLPAPI.DLL
0x00007ffdbc020000 - 0x00007ffdbc028000 	C:\WINDOWS\System32\NSI.dll
0x00007ffdb3550000 - 0x00007ffdb3567000 	C:\WINDOWS\SYSTEM32\dhcpcsvc6.DLL
0x00007ffdb3620000 - 0x00007ffdb363d000 	C:\WINDOWS\SYSTEM32\dhcpcsvc.DLL
0x00007ffdb91a0000 - 0x00007ffdb926c000 	C:\WINDOWS\SYSTEM32\DNSAPI.dll
0x00007ffd8b200000 - 0x00007ffd8b212000 	C:\Program Files\Java\jre1.8.0_251\bin\nio.dll
0x00007ffdb6200000 - 0x00007ffdb620a000 	C:\Users\antho\AppData\Local\Temp\jansi-1.17.1-635635323243866924.dll
0x00007ffdabb60000 - 0x00007ffdabb6a000 	C:\Users\antho\AppData\Local\Temp\jansi-1.17.1-770152334907327772.dll
0x00007ffda4110000 - 0x00007ffda42f4000 	C:\WINDOWS\SYSTEM32\dbghelp.dll

VM Arguments:
jvm_args: -Dmaven.home=EMBEDDED -Dclassworlds.conf=C:\Users\antho\eclipse-workspace\.metadata\.plugins\org.eclipse.m2e.launching\launches\m2conf5085561350416282408.tmp -Dmaven.multiModuleProjectDirectory=C:\Users\antho\eclipse-workspace\TheArchive-Core -Dfile.encoding=Cp1252 
java_command: org.codehaus.plexus.classworlds.launcher.Launcher -B install
java_class_path (initial): C:\Users\antho\.p2\pool\plugins\org.eclipse.m2e.maven.runtime_1.16.0.20200610-1735\jars\plexus-classworlds-2.6.0.jar
Launcher Type: SUN_STANDARD

Environment Variables:
PATH=C:/Program Files/Java/jre1.8.0_251/bin/server;C:/Program Files/Java/jre1.8.0_251/bin;C:/Program Files/Java/jre1.8.0_251/lib/amd64;C:\Program Files (x86)\Razer Chroma SDK\bin;C:\Program Files\Razer Chroma SDK\bin;C:\Program Files (x86)\Razer\ChromaBroadcast\bin;C:\Program Files\Razer\ChromaBroadcast\bin;C:\Python39\Scripts\;C:\Python39\;C:\Program Files (x86)\Common Files\Oracle\Java\javapath;C:\Windows\system32;C:\Windows;C:\Windows\System32\Wbem;C:\Windows\System32\WindowsPowerShell\v1.0\;C:\Windows\System32\OpenSSH\;C:\Program Files (x86)\NVIDIA Corporation\PhysX\Common;C:\Program Files\Intel\WiFi\bin\;C:\Program Files\Common Files\Intel\WirelessCommon\;C:\WINDOWS\system32;C:\WINDOWS;C:\WINDOWS\System32\Wbem;C:\WINDOWS\System32\WindowsPowerShell\v1.0\;C:\WINDOWS\System32\OpenSSH\;C:\Program Files\nodejs\;C:\ProgramData\chocolatey\bin;C:\WINDOWS\system32\config\systemprofile\AppData\Local\Microsoft\WindowsApps;;%SystemRoot%\system32;%SystemRoot%;%SystemRoot%\System32\Wbem;%SYSTEMROOT%\System32\WindowsPowerShell\v1.0\;%SYSTEMROOT%\System32\OpenSSH\;C:\Users\antho\AppData\Local\Microsoft\WindowsApps;C:\Users\antho\AppData\Local\Programs\Microsoft VS Code\bin;C:\Users\antho\AppData\Roaming\npm;C:\Users\antho\AppData\Local\GitHubDesktop\bin;;C:\Users\antho\Dropbox\My PC (DESKTOP-D1SRB86)\Desktop;
USERNAME=antho
OS=Windows_NT
PROCESSOR_IDENTIFIER=Intel64 Family 6 Model 158 Stepping 10, GenuineIntel



---------------  S Y S T E M  ---------------

OS: Windows 10.0 , 64 bit Build 19041 (10.0.19041.1023)

CPU:total 6 (initial active 6) (6 cores per cpu, 1 threads per core) family 6 model 158 stepping 10, cmov, cx8, fxsr, mmx, sse, sse2, sse3, ssse3, sse4.1, sse4.2, popcnt, avx, avx2, clmul, erms, 3dnowpref, lzcnt, tsc, tscinvbit, bmi1, bmi2, adx

Memory: 4k page, physical 16696284k(6275592k free), swap 31864692k(13652164k free)

vm_info: Java HotSpot(TM) 64-Bit Server VM (25.251-b08) for windows-amd64 JRE (1.8.0_251-b08), built on Mar 12 2020 06:31:49 by "" with MS VC++ 10.0 (VS2010)

time: Mon Aug 02 01:25:14 2021
timezone: Eastern Daylight Time
elapsed time: 8 seconds (0d 0h 0m 8s)

